<?xml version="1.0" encoding="UTF-8"?>
<!-- Generated by org.testng.reporters.JUnitReportReporter -->
<testsuite hostname="GOD" failures="0" tests="1" name="com.TestCases.TC001_SearchDataAndGoToPurchasePage" time="22.000" errors="0" timestamp="2023-03-13T23:10:06 IST" skipped="0">
  <testcase classname="com.TestCases.TC001_SearchDataAndGoToPurchasePage" name="TC001_TestCase" time="22.000"/>
  <system-out/>
</testsuite> <!-- com.TestCases.TC001_SearchDataAndGoToPurchasePage -->
